<?xml version="1.0" encoding="UTF-8"?>
<testng-results ignored="0" total="1" passed="1" failed="0" skipped="0">
  <reporter-output>
  </reporter-output>
  <suite started-at="2021-06-05T15:27:32Z" name="Default suite" finished-at="2021-06-05T15:27:43Z" duration-ms="11029">
    <groups>
    </groups>
    <test started-at="2021-06-05T15:27:32Z" name="Default test" finished-at="2021-06-05T15:27:43Z" duration-ms="11029">
      <class name="com.google.GoogleTest">
        <test-method is-config="true" signature="beforeTest()[pri:0, instance:com.google.GoogleTest@19e7a160]" started-at="2021-06-05T15:27:32Z" name="beforeTest" finished-at="2021-06-05T15:27:32Z" duration-ms="22" status="PASS">
          <reporter-output>
          </reporter-output>
        </test-method> <!-- beforeTest -->
        <test-method signature="f()[pri:0, instance:com.google.GoogleTest@19e7a160]" started-at="2021-06-05T15:27:32Z" name="f" finished-at="2021-06-05T15:27:43Z" duration-ms="10977" status="PASS">
          <reporter-output>
          </reporter-output>
        </test-method> <!-- f -->
        <test-method is-config="true" signature="afterTest()[pri:0, instance:com.google.GoogleTest@19e7a160]" started-at="2021-06-05T15:27:43Z" name="afterTest" finished-at="2021-06-05T15:27:43Z" duration-ms="0" status="PASS">
          <reporter-output>
          </reporter-output>
        </test-method> <!-- afterTest -->
      </class> <!-- com.google.GoogleTest -->
    </test> <!-- Default test -->
  </suite> <!-- Default suite -->
</testng-results>
